beagle.25Nov19.28d.jar (version 5.1)
Copyright (C) 2014-2018 Brian L. Browning
Enter "java -jar beagle.25Nov19.28d.jar" to list command line argument
Start time: 04:58 PM EST on 10 Nov 2022

Command line: java -Xmx1820m -jar beagle.25Nov19.28d.jar
  gt=stargazer_results.stargazer-genotype.project/phaseme.vcf
  chrom=7:117117016-117311719
  ref=/mnt/e/backend/Stargazer_v1.0.8/1kgp_vcf/cftr.vcf.gz
  out=stargazer_results.stargazer-genotype.project/phased
  impute=false

No genetic map is specified: using 1 cM = 1 Mb

Reference samples:       2,504
Study samples:              70

Window 1 (7:117117135-117311713)
Reference markers:         778
Study markers:             778

Burnin  iteration 1:           0 seconds
Burnin  iteration 2:           0 seconds
Burnin  iteration 3:           0 seconds
Burnin  iteration 4:           0 seconds
Burnin  iteration 5:           0 seconds
Burnin  iteration 6:           0 seconds

Phasing iteration 1:           0 seconds
Phasing iteration 2:           0 seconds
Phasing iteration 3:           0 seconds
Phasing iteration 4:           0 seconds
Phasing iteration 5:           0 seconds
Phasing iteration 6:           0 seconds
Phasing iteration 7:           0 seconds
Phasing iteration 8:           0 seconds
Phasing iteration 9:           0 seconds
Phasing iteration 10:          0 seconds
Phasing iteration 11:          0 seconds
Phasing iteration 12:          0 seconds

Cumulative Statistics:

Study markers:             778

Haplotype phasing time:        1 second
Total time:                    2 seconds

End time: 04:58 PM EST on 10 Nov 2022
beagle.25Nov19.28d.jar finished
