beagle.25Nov19.28d.jar (version 5.1)
Copyright (C) 2014-2018 Brian L. Browning
Enter "java -jar beagle.25Nov19.28d.jar" to list command line argument
Start time: 05:10 PM EST on 10 Nov 2022

Command line: java -Xmx1820m -jar beagle.25Nov19.28d.jar
  gt=20.stargazer-genotype.project/phaseme.vcf
  chrom=7:99299659-99335823
  ref=/mnt/e/backend/Stargazer_v1.0.8/1kgp_vcf/cyp3a7.vcf.gz
  out=20.stargazer-genotype.project/phased
  impute=false

No genetic map is specified: using 1 cM = 1 Mb

Reference samples:       2,504
Study samples:              70

Window 1 (7:99299870-99335603)
Reference markers:         167
Study markers:             167

Burnin  iteration 1:           0 seconds
Burnin  iteration 2:           0 seconds
Burnin  iteration 3:           0 seconds
Burnin  iteration 4:           0 seconds
Burnin  iteration 5:           0 seconds
Burnin  iteration 6:           0 seconds

Phasing iteration 1:           0 seconds
Phasing iteration 2:           0 seconds
Phasing iteration 3:           0 seconds
Phasing iteration 4:           0 seconds
Phasing iteration 5:           0 seconds
Phasing iteration 6:           0 seconds
Phasing iteration 7:           0 seconds
Phasing iteration 8:           0 seconds
Phasing iteration 9:           0 seconds
Phasing iteration 10:          0 seconds
Phasing iteration 11:          0 seconds
Phasing iteration 12:          0 seconds

Cumulative Statistics:

Study markers:             167

Haplotype phasing time:        1 second
Total time:                    1 second

End time: 05:10 PM EST on 10 Nov 2022
beagle.25Nov19.28d.jar finished
