Stargazer_v1.0.8
Author: Seung-been "Steven" Lee
Enter "python3 stargazer.py --help" to view command line arguments
For more details, please visit https://stargazer.gs.washington.edu/stargazerweb/index.html

Stargazer tool used: genotype
Date: 20221110
Start time: 17:09:46

Command line: python3 Stargazer_v1.0.8/stargazer.py genotype --output_dir stargazer_results -o 15 -d wgs -t cyp2r1 --vcf ./sample_vcf/grch37-variants.vcf

+----------------------------------------------------------------------

Step 1/9: Determining genotype mode...

Status: Completed

Target gene: CYP2R1
Target paralog: N/A
Target region: chr11:14896554-14916751

Control type: Custom locus
Control gene: N/A
Control region: chr

Input data source: Whole genome sequencing
VCF-only mode is on: True
Imputation mode is on: False

Enzyme function: Metabolism
PharmVar member: Yes
DPSV member: No

+----------------------------------------------------------------------

Step 2/9: Assessing input VCF...

Status: Completed

Samples total: 70
Markers total: 84

Markers with allelic depth: 84

Markers unphased: 84
Markers phased: 0
Markers partially phased: 0

+----------------------------------------------------------------------

Step 3/9: Processing input VCF...

Status: Completed

Markers with allelic imbalance: 3
Markers with high missingness: 0
Markers with invalid allele: 0

+----------------------------------------------------------------------

Step 4/14: Conforming input VCF...

Status: Completed

Markers total: 84
Markers filtered: 0
Markers remaining: 84

Markers phasable: 60
Markers ready: 60
Markers conformed: 0

Markers unphasable: 24
Markers absent in reference VCF: 22
Markers with different REF allele: 1
Markers with no overlapping ALT alleles: 1

+----------------------------------------------------------------------

Step 5/9: Statistically phasing input VCF...

Status: Completed

Markers attempted: 60
Markers phased: 60
Markers omitted: 0

+----------------------------------------------------------------------

Step 6/9: Annotating input VCF...

Status: Completed

Markers with Stargazer membership: 1

Variants with low impact: 0
Variants with moderate impact: 1
Variants with high impact: 0

Variants reverted to wild type: 0/0

+----------------------------------------------------------------------

Step 7/9: Phasing input VCF by haplotype extension...

Status: Completed

Markers attempted: 0
Markers phased: 0
Markers omitted: 0

+----------------------------------------------------------------------

Step 8/9: Detecting structural variants...

Status: Skipped because VCF-only mode is on

+----------------------------------------------------------------------

Step 9/9: Plotting various profiles...

Status: Skipped because VCF-only mode is on

+----------------------------------------------------------------------

Elapsed time: 0:00:05
Stargazer finished