Stargazer_v1.0.8
Author: Seung-been "Steven" Lee
Enter "python3 stargazer.py --help" to view command line arguments
For more details, please visit https://stargazer.gs.washington.edu/stargazerweb/index.html

Stargazer tool used: genotype
Date: 20221110
Start time: 17:10:21

Command line: python3 Stargazer_v1.0.8/stargazer.py genotype --output_dir stargazer_results -o 21 -d wgs -t cyp3a43 --vcf ./sample_vcf/grch37-variants.vcf

+----------------------------------------------------------------------

Step 1/9: Determining genotype mode...

Status: Completed

Target gene: CYP3A43
Target paralog: N/A
Target region: chr7:99422635-99466727

Control type: Custom locus
Control gene: N/A
Control region: chr

Input data source: Whole genome sequencing
VCF-only mode is on: True
Imputation mode is on: False

Enzyme function: Metabolism
PharmVar member: Yes
DPSV member: No

+----------------------------------------------------------------------

Step 2/9: Assessing input VCF...

Status: Completed

Samples total: 70
Markers total: 340

Markers with allelic depth: 340

Markers unphased: 340
Markers phased: 0
Markers partially phased: 0

+----------------------------------------------------------------------

Step 3/9: Processing input VCF...

Status: Completed

Markers with allelic imbalance: 59
Markers with high missingness: 0
Markers with invalid allele: 0

+----------------------------------------------------------------------

Step 4/14: Conforming input VCF...

Status: Completed

Markers total: 340
Markers filtered: 0
Markers remaining: 340

Markers phasable: 226
Markers ready: 223
Markers conformed: 3

Markers unphasable: 114
Markers absent in reference VCF: 109
Markers with different REF allele: 4
Markers with no overlapping ALT alleles: 1

+----------------------------------------------------------------------

Step 5/9: Statistically phasing input VCF...

Status: Completed

Markers attempted: 226
Markers phased: 226
Markers omitted: 0

+----------------------------------------------------------------------

Step 6/9: Annotating input VCF...

Status: Completed

Markers with Stargazer membership: 3

Variants with low impact: 1
Variants with moderate impact: 1
Variants with high impact: 1

Variants reverted to wild type: 0/0

+----------------------------------------------------------------------

Step 7/9: Phasing input VCF by haplotype extension...

Status: Completed

Markers attempted: 0
Markers phased: 0
Markers omitted: 0

+----------------------------------------------------------------------

Step 8/9: Detecting structural variants...

Status: Skipped because VCF-only mode is on

+----------------------------------------------------------------------

Step 9/9: Plotting various profiles...

Status: Skipped because VCF-only mode is on

+----------------------------------------------------------------------

Elapsed time: 0:00:05
Stargazer finished