Stargazer_v1.0.8
Author: Seung-been "Steven" Lee
Enter "python3 stargazer.py --help" to view command line arguments
For more details, please visit https://stargazer.gs.washington.edu/stargazerweb/index.html

Stargazer tool used: genotype
Date: 20221110
Start time: 17:08:42

Command line: python3 Stargazer_v1.0.8/stargazer.py genotype --output_dir stargazer_results -o 8 -d wgs -t cyp2c8 --vcf ./sample_vcf/grch37-variants.vcf

+----------------------------------------------------------------------

Step 1/9: Determining genotype mode...

Status: Completed

Target gene: CYP2C8
Target paralog: N/A
Target region: chr10:96793528-96832254

Control type: Custom locus
Control gene: N/A
Control region: chr

Input data source: Whole genome sequencing
VCF-only mode is on: True
Imputation mode is on: False

Enzyme function: Metabolism
PharmVar member: Yes
DPSV member: No

+----------------------------------------------------------------------

Step 2/9: Assessing input VCF...

Status: Completed

Samples total: 70
Markers total: 378

Markers with allelic depth: 378

Markers unphased: 378
Markers phased: 0
Markers partially phased: 0

+----------------------------------------------------------------------

Step 3/9: Processing input VCF...

Status: Completed

Markers with allelic imbalance: 1
Markers with high missingness: 0
Markers with invalid allele: 0

+----------------------------------------------------------------------

Step 4/14: Conforming input VCF...

Status: Completed

Markers total: 378
Markers filtered: 0
Markers remaining: 378

Markers phasable: 296
Markers ready: 292
Markers conformed: 4

Markers unphasable: 82
Markers absent in reference VCF: 77
Markers with different REF allele: 5
Markers with no overlapping ALT alleles: 0

+----------------------------------------------------------------------

Step 5/9: Statistically phasing input VCF...

Status: Completed

Markers attempted: 296
Markers phased: 296
Markers omitted: 0

+----------------------------------------------------------------------

Step 6/9: Annotating input VCF...

Status: Completed

Markers with Stargazer membership: 6

Variants with low impact: 2
Variants with moderate impact: 4
Variants with high impact: 0

Variants reverted to wild type: 0/0

+----------------------------------------------------------------------

Step 7/9: Phasing input VCF by haplotype extension...

Status: Completed

Markers attempted: 0
Markers phased: 0
Markers omitted: 0

+----------------------------------------------------------------------

Step 8/9: Detecting structural variants...

Status: Skipped because VCF-only mode is on

+----------------------------------------------------------------------

Step 9/9: Plotting various profiles...

Status: Skipped because VCF-only mode is on

+----------------------------------------------------------------------

Elapsed time: 0:00:10
Stargazer finished